Case #1: 9099999 9999990
Case #2: 183606692 983626610
Case #3: 314351747 734351741
Case #4: 349039537 949037533
Case #5: 229735494 929735424
Case #6: 10 10
Case #7: 26438949 96432948
Case #8: 999999999 999999999
Case #9: 32734873 83734273
Case #10: 118298062 918128062
Case #11: 13524 51324
Case #12: 224585223 824535222
Case #13: 5 5
Case #14: 263033536 663033523
Case #15: 133343270 731343230
Case #16: 304349675 904345673
Case #17: 16761682 86761621
Case #18: 0 0
Case #19: 102163946 902163146
Case #20: 163307878 863307817
